running egg_info
writing ../../build/dobot_sorting_color/dobot_sorting_color.egg-info/PKG-INFO
writing dependency_links to ../../build/dobot_sorting_color/dobot_sorting_color.egg-info/dependency_links.txt
writing entry points to ../../build/dobot_sorting_color/dobot_sorting_color.egg-info/entry_points.txt
writing requirements to ../../build/dobot_sorting_color/dobot_sorting_color.egg-info/requires.txt
writing top-level names to ../../build/dobot_sorting_color/dobot_sorting_color.egg-info/top_level.txt
reading manifest file '../../build/dobot_sorting_color/dobot_sorting_color.egg-info/SOURCES.txt'
adding license file 'LICENSE'
writing manifest file '../../build/dobot_sorting_color/dobot_sorting_color.egg-info/SOURCES.txt'
running build
running build_py
running install
running install_lib
running install_data
running install_egg_info
removing '/home/aliyanur/damir_ros/install/dobot_sorting_color/lib/python3.10/site-packages/dobot_sorting_color-0.0.0-py3.10.egg-info' (and everything under it)
Copying ../../build/dobot_sorting_color/dobot_sorting_color.egg-info to /home/aliyanur/damir_ros/install/dobot_sorting_color/lib/python3.10/site-packages/dobot_sorting_color-0.0.0-py3.10.egg-info
running install_scripts
Installing camera_new script to /home/aliyanur/damir_ros/install/dobot_sorting_color/lib/dobot_sorting_color
Installing main_new script to /home/aliyanur/damir_ros/install/dobot_sorting_color/lib/dobot_sorting_color
writing list of installed files to '/home/aliyanur/damir_ros/build/dobot_sorting_color/install.log'
