running egg_info
creating ../../build/dobot_sorting_color/dobot_sorting_color.egg-info
writing ../../build/dobot_sorting_color/dobot_sorting_color.egg-info/PKG-INFO
writing dependency_links to ../../build/dobot_sorting_color/dobot_sorting_color.egg-info/dependency_links.txt
writing entry points to ../../build/dobot_sorting_color/dobot_sorting_color.egg-info/entry_points.txt
writing requirements to ../../build/dobot_sorting_color/dobot_sorting_color.egg-info/requires.txt
writing top-level names to ../../build/dobot_sorting_color/dobot_sorting_color.egg-info/top_level.txt
writing manifest file '../../build/dobot_sorting_color/dobot_sorting_color.egg-info/SOURCES.txt'
reading manifest file '../../build/dobot_sorting_color/dobot_sorting_color.egg-info/SOURCES.txt'
adding license file 'LICENSE'
writing manifest file '../../build/dobot_sorting_color/dobot_sorting_color.egg-info/SOURCES.txt'
running build
running build_py
creating /home/aliyanur/damir_ros/build/dobot_sorting_color/build
creating /home/aliyanur/damir_ros/build/dobot_sorting_color/build/lib
creating /home/aliyanur/damir_ros/build/dobot_sorting_color/build/lib/dobot_sorting_color
copying dobot_sorting_color/main_new.py -> /home/aliyanur/damir_ros/build/dobot_sorting_color/build/lib/dobot_sorting_color
copying dobot_sorting_color/camera_new.py -> /home/aliyanur/damir_ros/build/dobot_sorting_color/build/lib/dobot_sorting_color
copying dobot_sorting_color/__init__.py -> /home/aliyanur/damir_ros/build/dobot_sorting_color/build/lib/dobot_sorting_color
running install
running install_lib
creating /home/aliyanur/damir_ros/install/dobot_sorting_color/lib/python3.10/site-packages/dobot_sorting_color
copying /home/aliyanur/damir_ros/build/dobot_sorting_color/build/lib/dobot_sorting_color/main_new.py -> /home/aliyanur/damir_ros/install/dobot_sorting_color/lib/python3.10/site-packages/dobot_sorting_color
copying /home/aliyanur/damir_ros/build/dobot_sorting_color/build/lib/dobot_sorting_color/camera_new.py -> /home/aliyanur/damir_ros/install/dobot_sorting_color/lib/python3.10/site-packages/dobot_sorting_color
copying /home/aliyanur/damir_ros/build/dobot_sorting_color/build/lib/dobot_sorting_color/__init__.py -> /home/aliyanur/damir_ros/install/dobot_sorting_color/lib/python3.10/site-packages/dobot_sorting_color
byte-compiling /home/aliyanur/damir_ros/install/dobot_sorting_color/lib/python3.10/site-packages/dobot_sorting_color/main_new.py to main_new.cpython-310.pyc
byte-compiling /home/aliyanur/damir_ros/install/dobot_sorting_color/lib/python3.10/site-packages/dobot_sorting_color/camera_new.py to camera_new.cpython-310.pyc
byte-compiling /home/aliyanur/damir_ros/install/dobot_sorting_color/lib/python3.10/site-packages/dobot_sorting_color/__init__.py to __init__.cpython-310.pyc
running install_data
creating /home/aliyanur/damir_ros/install/dobot_sorting_color/share/ament_index
creating /home/aliyanur/damir_ros/install/dobot_sorting_color/share/ament_index/resource_index
creating /home/aliyanur/damir_ros/install/dobot_sorting_color/share/ament_index/resource_index/packages
copying resource/dobot_sorting_color -> /home/aliyanur/damir_ros/install/dobot_sorting_color/share/ament_index/resource_index/packages
copying package.xml -> /home/aliyanur/damir_ros/install/dobot_sorting_color/share/dobot_sorting_color
running install_egg_info
Copying ../../build/dobot_sorting_color/dobot_sorting_color.egg-info to /home/aliyanur/damir_ros/install/dobot_sorting_color/lib/python3.10/site-packages/dobot_sorting_color-0.0.0-py3.10.egg-info
running install_scripts
Installing camera_new script to /home/aliyanur/damir_ros/install/dobot_sorting_color/lib/dobot_sorting_color
Installing main_new script to /home/aliyanur/damir_ros/install/dobot_sorting_color/lib/dobot_sorting_color
writing list of installed files to '/home/aliyanur/damir_ros/build/dobot_sorting_color/install.log'
