[0.301s] Invoking command in '/home/aliyanur/damir_ros/src/dobot_sorting_color': PYTHONPATH=/home/aliyanur/damir_ros/build/dobot_sorting_color/prefix_override:/usr/lib/python3/dist-packages/colcon_core/task/python/colcon_distutils_commands:/home/aliyanur/damir_ros/install/dobot_sorting_color/lib/python3.10/site-packages:${PYTHONPATH} /usr/bin/python3 -W ignore:setup.py install is deprecated -W ignore:easy_install command is deprecated setup.py egg_info --egg-base ../../build/dobot_sorting_color build --build-base /home/aliyanur/damir_ros/build/dobot_sorting_color/build install --record /home/aliyanur/damir_ros/build/dobot_sorting_color/install.log --single-version-externally-managed install_data
[0.413s] running egg_info
[0.413s] creating ../../build/dobot_sorting_color/dobot_sorting_color.egg-info
[0.413s] writing ../../build/dobot_sorting_color/dobot_sorting_color.egg-info/PKG-INFO
[0.413s] writing dependency_links to ../../build/dobot_sorting_color/dobot_sorting_color.egg-info/dependency_links.txt
[0.414s] writing entry points to ../../build/dobot_sorting_color/dobot_sorting_color.egg-info/entry_points.txt
[0.414s] writing requirements to ../../build/dobot_sorting_color/dobot_sorting_color.egg-info/requires.txt
[0.414s] writing top-level names to ../../build/dobot_sorting_color/dobot_sorting_color.egg-info/top_level.txt
[0.414s] writing manifest file '../../build/dobot_sorting_color/dobot_sorting_color.egg-info/SOURCES.txt'
[0.414s] reading manifest file '../../build/dobot_sorting_color/dobot_sorting_color.egg-info/SOURCES.txt'
[0.414s] adding license file 'LICENSE'
[0.414s] writing manifest file '../../build/dobot_sorting_color/dobot_sorting_color.egg-info/SOURCES.txt'
[0.415s] running build
[0.415s] running build_py
[0.415s] creating /home/aliyanur/damir_ros/build/dobot_sorting_color/build
[0.415s] creating /home/aliyanur/damir_ros/build/dobot_sorting_color/build/lib
[0.415s] creating /home/aliyanur/damir_ros/build/dobot_sorting_color/build/lib/dobot_sorting_color
[0.415s] copying dobot_sorting_color/main_new.py -> /home/aliyanur/damir_ros/build/dobot_sorting_color/build/lib/dobot_sorting_color
[0.415s] copying dobot_sorting_color/camera_new.py -> /home/aliyanur/damir_ros/build/dobot_sorting_color/build/lib/dobot_sorting_color
[0.415s] copying dobot_sorting_color/__init__.py -> /home/aliyanur/damir_ros/build/dobot_sorting_color/build/lib/dobot_sorting_color
[0.415s] running install
[0.415s] running install_lib
[0.416s] creating /home/aliyanur/damir_ros/install/dobot_sorting_color/lib/python3.10/site-packages/dobot_sorting_color
[0.416s] copying /home/aliyanur/damir_ros/build/dobot_sorting_color/build/lib/dobot_sorting_color/main_new.py -> /home/aliyanur/damir_ros/install/dobot_sorting_color/lib/python3.10/site-packages/dobot_sorting_color
[0.416s] copying /home/aliyanur/damir_ros/build/dobot_sorting_color/build/lib/dobot_sorting_color/camera_new.py -> /home/aliyanur/damir_ros/install/dobot_sorting_color/lib/python3.10/site-packages/dobot_sorting_color
[0.416s] copying /home/aliyanur/damir_ros/build/dobot_sorting_color/build/lib/dobot_sorting_color/__init__.py -> /home/aliyanur/damir_ros/install/dobot_sorting_color/lib/python3.10/site-packages/dobot_sorting_color
[0.416s] byte-compiling /home/aliyanur/damir_ros/install/dobot_sorting_color/lib/python3.10/site-packages/dobot_sorting_color/main_new.py to main_new.cpython-310.pyc
[0.416s] byte-compiling /home/aliyanur/damir_ros/install/dobot_sorting_color/lib/python3.10/site-packages/dobot_sorting_color/camera_new.py to camera_new.cpython-310.pyc
[0.417s] byte-compiling /home/aliyanur/damir_ros/install/dobot_sorting_color/lib/python3.10/site-packages/dobot_sorting_color/__init__.py to __init__.cpython-310.pyc
[0.417s] running install_data
[0.417s] creating /home/aliyanur/damir_ros/install/dobot_sorting_color/share/ament_index
[0.417s] creating /home/aliyanur/damir_ros/install/dobot_sorting_color/share/ament_index/resource_index
[0.417s] creating /home/aliyanur/damir_ros/install/dobot_sorting_color/share/ament_index/resource_index/packages
[0.417s] copying resource/dobot_sorting_color -> /home/aliyanur/damir_ros/install/dobot_sorting_color/share/ament_index/resource_index/packages
[0.417s] copying package.xml -> /home/aliyanur/damir_ros/install/dobot_sorting_color/share/dobot_sorting_color
[0.417s] running install_egg_info
[0.418s] Copying ../../build/dobot_sorting_color/dobot_sorting_color.egg-info to /home/aliyanur/damir_ros/install/dobot_sorting_color/lib/python3.10/site-packages/dobot_sorting_color-0.0.0-py3.10.egg-info
[0.418s] running install_scripts
[0.428s] Installing camera_new script to /home/aliyanur/damir_ros/install/dobot_sorting_color/lib/dobot_sorting_color
[0.428s] Installing main_new script to /home/aliyanur/damir_ros/install/dobot_sorting_color/lib/dobot_sorting_color
[0.428s] writing list of installed files to '/home/aliyanur/damir_ros/build/dobot_sorting_color/install.log'
[0.440s] Invoked command in '/home/aliyanur/damir_ros/src/dobot_sorting_color' returned '0': PYTHONPATH=/home/aliyanur/damir_ros/build/dobot_sorting_color/prefix_override:/usr/lib/python3/dist-packages/colcon_core/task/python/colcon_distutils_commands:/home/aliyanur/damir_ros/install/dobot_sorting_color/lib/python3.10/site-packages:${PYTHONPATH} /usr/bin/python3 -W ignore:setup.py install is deprecated -W ignore:easy_install command is deprecated setup.py egg_info --egg-base ../../build/dobot_sorting_color build --build-base /home/aliyanur/damir_ros/build/dobot_sorting_color/build install --record /home/aliyanur/damir_ros/build/dobot_sorting_color/install.log --single-version-externally-managed install_data
