[0.311s] Invoking command in '/home/aliyanur/damir_ros/src/dobot_sorting_color': PYTHONPATH=/home/aliyanur/damir_ros/build/dobot_sorting_color/prefix_override:/usr/lib/python3/dist-packages/colcon_core/task/python/colcon_distutils_commands:/home/aliyanur/damir_ros/install/dobot_sorting_color/lib/python3.10/site-packages:${PYTHONPATH} /usr/bin/python3 -W ignore:setup.py install is deprecated -W ignore:easy_install command is deprecated setup.py egg_info --egg-base ../../build/dobot_sorting_color build --build-base /home/aliyanur/damir_ros/build/dobot_sorting_color/build install --record /home/aliyanur/damir_ros/build/dobot_sorting_color/install.log --single-version-externally-managed install_data
[0.424s] running egg_info
[0.424s] writing ../../build/dobot_sorting_color/dobot_sorting_color.egg-info/PKG-INFO
[0.424s] writing dependency_links to ../../build/dobot_sorting_color/dobot_sorting_color.egg-info/dependency_links.txt
[0.424s] writing entry points to ../../build/dobot_sorting_color/dobot_sorting_color.egg-info/entry_points.txt
[0.424s] writing requirements to ../../build/dobot_sorting_color/dobot_sorting_color.egg-info/requires.txt
[0.424s] writing top-level names to ../../build/dobot_sorting_color/dobot_sorting_color.egg-info/top_level.txt
[0.425s] reading manifest file '../../build/dobot_sorting_color/dobot_sorting_color.egg-info/SOURCES.txt'
[0.425s] adding license file 'LICENSE'
[0.426s] writing manifest file '../../build/dobot_sorting_color/dobot_sorting_color.egg-info/SOURCES.txt'
[0.426s] running build
[0.426s] running build_py
[0.426s] running install
[0.426s] running install_lib
[0.427s] running install_data
[0.427s] running install_egg_info
[0.428s] removing '/home/aliyanur/damir_ros/install/dobot_sorting_color/lib/python3.10/site-packages/dobot_sorting_color-0.0.0-py3.10.egg-info' (and everything under it)
[0.428s] Copying ../../build/dobot_sorting_color/dobot_sorting_color.egg-info to /home/aliyanur/damir_ros/install/dobot_sorting_color/lib/python3.10/site-packages/dobot_sorting_color-0.0.0-py3.10.egg-info
[0.428s] running install_scripts
[0.438s] Installing camera_new script to /home/aliyanur/damir_ros/install/dobot_sorting_color/lib/dobot_sorting_color
[0.438s] Installing main_new script to /home/aliyanur/damir_ros/install/dobot_sorting_color/lib/dobot_sorting_color
[0.438s] writing list of installed files to '/home/aliyanur/damir_ros/build/dobot_sorting_color/install.log'
[0.450s] Invoked command in '/home/aliyanur/damir_ros/src/dobot_sorting_color' returned '0': PYTHONPATH=/home/aliyanur/damir_ros/build/dobot_sorting_color/prefix_override:/usr/lib/python3/dist-packages/colcon_core/task/python/colcon_distutils_commands:/home/aliyanur/damir_ros/install/dobot_sorting_color/lib/python3.10/site-packages:${PYTHONPATH} /usr/bin/python3 -W ignore:setup.py install is deprecated -W ignore:easy_install command is deprecated setup.py egg_info --egg-base ../../build/dobot_sorting_color build --build-base /home/aliyanur/damir_ros/build/dobot_sorting_color/build install --record /home/aliyanur/damir_ros/build/dobot_sorting_color/install.log --single-version-externally-managed install_data
